Arguments: 
  /usr/local/bin/node /usr/local/lib/node_modules/@sanity/cli/vendor/yarn add sanity-plugin-sanity-super-pane --json --non-interactive --ignore-engines --registry https://registry.npmjs.org

PATH: 
  /usr/local/lib/node_modules/vendor:/usr/local/bin:/usr/bin:/bin:/usr/sbin:/sbin

Yarn version: 
  1.22.10

Node version: 
  14.16.1

Platform: 
  darwin x64

Trace: 
  Error: https://registry.npmjs.org/sanity-plugin-sanity-super-pane: Not found
      at Request.params.callback [as _callback] (/usr/local/lib/node_modules/@sanity/cli/vendor/yarn:67018:18)
      at Request.self.callback (/usr/local/lib/node_modules/@sanity/cli/vendor/yarn:140779:22)
      at Request.emit (events.js:315:20)
      at Request.<anonymous> (/usr/local/lib/node_modules/@sanity/cli/vendor/yarn:141751:10)
      at Request.emit (events.js:315:20)
      at IncomingMessage.<anonymous> (/usr/local/lib/node_modules/@sanity/cli/vendor/yarn:141673:12)
      at Object.onceWrapper (events.js:421:28)
      at IncomingMessage.emit (events.js:327:22)
      at endReadableNT (internal/streams/readable.js:1327:12)
      at processTicksAndRejections (internal/process/task_queues.js:80:21)

npm manifest: 
  {
    "private": true,
    "name": "blog-with-gatsby-studio",
    "version": "1.0.15",
    "main": "package.json",
    "author": "Sanity <hello@sanity.io>",
    "scripts": {
      "dev": "sanity start",
      "format": "prettier-eslint --write \"**/*.js\" \"!node_modules/**\"",
      "build": "sanity build",
      "graphql-deploy": "sanity graphql deploy --playground",
      "lint": "eslint .",
      "test": "sanity check"
    },
    "dependencies": {
      "@sanity/base": "^2.7.4",
      "@sanity/cli": "^2.7.4",
      "@sanity/components": "^2.2.6",
      "@sanity/core": "^2.7.4",
      "@sanity/dashboard": "^2.7.0",
      "@sanity/default-layout": "^2.7.4",
      "@sanity/default-login": "^2.7.0",
      "@sanity/desk-tool": "^2.7.4",
      "@sanity/studio-hints": "^2.7.0",
      "@sanity/vision": "^2.21.9",
      "date-fns": "^2.19.0",
      "prop-types": "^15.7.2",
      "react": "^17.0.2",
      "react-dom": "^17.0.2",
      "react-icons": "^4.3.1",
      "sanity-plugin-dashboard-widget-document-list": "^0.0.13",
      "sanity-plugin-dashboard-widget-netlify": "^1.0.1",
      "sanity-plugin-html-to-portable-text": "^0.0.4",
      "sanity-plugin-media": "^1.4.3",
      "sanity-plugin-order-documents": "^0.0.20",
      "sanity-super-pane": "^1.0.0-alpha.1",
      "styled-components": "^5.3.3"
    }
  }

yarn manifest: 
  No manifest

Lockfile: 
  No lockfile
